<?xml version="1.0" encoding="UTF-8"?>
<!-- Generated by org.testng.reporters.JUnitXMLReporter -->
<testsuite ignored="0" hostname="Birpartap-Singh" failures="1" tests="2" name="my udemy test chrome" time="24.566" errors="0" timestamp="18 Feb 2023 21:46:23 GMT">
  <testcase classname="com.myTest.LoginTest" name="verifyloginpagetitletest" time="0.052"/>
  <testcase classname="com.myTest.LoginTest" name="dologintest" time="6.238">
    <failure type="java.lang.NullPointerException" message="Cannot invoke &amp;quot;org.openqa.selenium.WebElement.getText()&amp;quot; because the return value of &amp;quot;com.mypages.BasePage.getElement(org.openqa.selenium.By)&amp;quot; is null">
      <![CDATA[java.lang.NullPointerException: Cannot invoke "org.openqa.selenium.WebElement.getText()" because the return value of "com.mypages.BasePage.getElement(org.openqa.selenium.By)" is null
at com.mypages.BasePage.getPageHeader(BasePage.java:21)
at com.mypages.HomePage.getHomePageHeader(HomePage.java:25)
at com.myTest.LoginTest.dologintest(LoginTest.java:26)
at java.base/java.util.concurrent.ThreadPoolExecutor.runWorker(ThreadPoolExecutor.java:1136)
at java.base/java.util.concurrent.ThreadPoolExecutor$Worker.run(ThreadPoolExecutor.java:635)
at java.base/java.lang.Thread.run(Thread.java:833)
... Removed 10 stack frames]]>
    </failure>
  </testcase> <!-- dologintest -->
</testsuite> <!-- my udemy test chrome -->
